<?xml version="1.0" encoding="UTF-8"?>
<Site BuildName="Darwin-clang++"
	BuildStamp="20220522-1449-Experimental"
	Name="Jamess-MacBook-Pro-3.local"
	Generator="ctest-3.23.1"
	CompilerName="/usr/bin/clang++"
	CompilerVersion="13.1.6.13160021"
	OSName="macOS"
	Hostname="Jamess-MacBook-Pro-3.local"
	OSRelease="12.4"
	OSVersion="21F5071b"
	OSPlatform="x86_64"
	Is64Bits="1"
	VendorString="GenuineIntel"
	VendorID="Intel Corporation"
	FamilyID="6"
	ModelID="78"
	ProcessorCacheSize="32768"
	NumberOfLogicalCPU="4"
	NumberOfPhysicalCPU="2"
	TotalVirtualMemory="3072"
	TotalPhysicalMemory="8192"
	LogicalProcessorsPerPhysical="8"
	ProcessorClockFrequency="2900"
	>
	<Testing>
		<StartDateTime>May 23 01:54 AEST</StartDateTime>
		<StartTestTime>1653234885</StartTestTime>
		<TestList>
			<Test>./tests/MCTS_TESTS</Test>
		</TestList>
		<Test Status="passed">
			<Name>MCTS_TESTS</Name>
			<Path>./tests</Path>
			<FullName>./tests/MCTS_TESTS</FullName>
			<FullCommandLine>/Users/james/Documents/Thesis_C++/build/tests/MCTS_TESTS</FullCommandLine>
			<Results>
				<NamedMeasurement type="numeric/double" name="Execution Time">
					<Value>0.271916</Value>
				</NamedMeasurement>
				<NamedMeasurement type="numeric/double" name="Processors">
					<Value>1</Value>
				</NamedMeasurement>
				<NamedMeasurement type="text/string" name="Completion Status">
					<Value>Completed</Value>
				</NamedMeasurement>
				<NamedMeasurement type="text/string" name="Command Line">
					<Value>/Users/james/Documents/Thesis_C++/build/tests/MCTS_TESTS</Value>
				</NamedMeasurement>
				<NamedMeasurement type="text/string" name="Environment">
					<Value>#CTEST_RESOURCE_GROUP_COUNT=</Value>
				</NamedMeasurement>
				<Measurement>
					<Value encoding="base64" compression="gzip">eJyNUU1PwzAMvfdX+LhpagPcOQCdOIAAdZs4TFWVdV4XlMRV7Wx/n35ME5sE9J1i++U9f2TBe+MrcNr4yRR2DTlQK8aG1Zd2yCqlMjj0wmq5RzZcPM1mahOM3apiizWriqiyKMgSc1P+CFUfdq+iU0/KMlrfn5FDdrK+g47Dg/dtHwAHI5hE6/iMHJ4tbbQd6ugPpiHfNQaMEof6inwhyqIFi+CNdMloDdnqDXrkV7VkftA2tJmMjp/Gt9QB7y//UWFyA46no8QfSYRcZqq9LKl+xZ2kRlfktR3r+afCuZWRCxn4ICTaTqNxSxfUTbylo7+86a+3hEb75NKonfPjYbGYp92mTh+T6BsCX9n/====</Value>
				</Measurement>
			</Results>
		</Test>
		<EndDateTime>May 23 01:54 AEST</EndDateTime>
		<EndTestTime>1653234885</EndTestTime>
		<ElapsedMinutes>0</ElapsedMinutes>
	</Testing>
</Site>
