Start testing: May 23 01:38 AEST
----------------------------------------------------------
1/1 Testing: MCTS_TESTS
1/1 Test: MCTS_TESTS
Command: "/Users/james/Documents/Thesis_C++/build/tests/MCTS_TESTS"
Directory: /Users/james/Documents/Thesis_C++/build/tests
"MCTS_TESTS" start time: May 23 01:38 AEST
Output:
----------------------------------------------------------
Running main() from /Users/james/Documents/Thesis_C++/build/_deps/googletest-src/googletest/src/gtest_main.cc
[==========] Running 2 tests from 1 test suite.
[----------] Global test environment set-up.
[----------] 2 tests from state_unittest
[ RUN      ] state_unittest.EvaluateRowWin
[       OK ] state_unittest.EvaluateRowWin (0 ms)
[ RUN      ] state_unittest.EvaluateBottomRightTopLeftDiagonalWin
4, 4 top is same piece
3, 3 top is same piece
2, 2 top is same piece
3, 3 top is same piece
2, 2 top is same piece
2, 2 top is same piece
5, 5 bot is same piece
5, 5 bot is same piece
/Users/james/Documents/Thesis_C++/tests/connect4/state_unittest.cpp:52: Failure
Expected equality of these values:
  s2.EvaluateState(Connect4::Connect4Move(Common::Player::PLAYER2, 1, 2))
    Which is: ONGOING
  Common::Result::PLAYER2_WIN
    Which is: PLAYER2_WIN
/Users/james/Documents/Thesis_C++/tests/connect4/state_unittest.cpp:53: Failure
Expected equality of these values:
  s2.EvaluateState(Connect4::Connect4Move(Common::Player::PLAYER2, 2, 3))
    Which is: ONGOING
  Common::Result::PLAYER2_WIN
    Which is: PLAYER2_WIN
/Users/james/Documents/Thesis_C++/tests/connect4/state_unittest.cpp:54: Failure
Expected equality of these values:
  s2.EvaluateState(Connect4::Connect4Move(Common::Player::PLAYER2, 3, 4))
    Which is: ONGOING
  Common::Result::PLAYER2_WIN
    Which is: PLAYER2_WIN
/Users/james/Documents/Thesis_C++/tests/connect4/state_unittest.cpp:55: Failure
Expected equality of these values:
  s2.EvaluateState(Connect4::Connect4Move(Common::Player::PLAYER2, 4, 5))
    Which is: ONGOING
  Common::Result::PLAYER2_WIN
    Which is: PLAYER2_WIN
[  FAILED  ] state_unittest.EvaluateBottomRightTopLeftDiagonalWin (0 ms)
[----------] 2 tests from state_unittest (0 ms total)

[----------] Global test environment tear-down
[==========] 2 tests from 1 test suite ran. (0 ms total)
[  PASSED  ] 1 test.
[  FAILED  ] 1 test, listed below:
[  FAILED  ] state_unittest.EvaluateBottomRightTopLeftDiagonalWin

 1 FAILED TEST
<end of output>
Test time =   0.48 sec
----------------------------------------------------------
Test Failed.
"MCTS_TESTS" end time: May 23 01:38 AEST
"MCTS_TESTS" time elapsed: 00:00:00
----------------------------------------------------------

End testing: May 23 01:38 AEST
