Start testing: May 23 01:54 AEST
----------------------------------------------------------
1/1 Testing: MCTS_TESTS
1/1 Test: MCTS_TESTS
Command: "/Users/james/Documents/Thesis_C++/build/tests/MCTS_TESTS"
Directory: /Users/james/Documents/Thesis_C++/build/tests
"MCTS_TESTS" start time: May 23 01:54 AEST
Output:
----------------------------------------------------------
Running main() from /Users/james/Documents/Thesis_C++/build/_deps/googletest-src/googletest/src/gtest_main.cc
[==========] Running 2 tests from 1 test suite.
[----------] Global test environment set-up.
[----------] 2 tests from state_unittest
[ RUN      ] state_unittest.EvaluateRowWin
[       OK ] state_unittest.EvaluateRowWin (0 ms)
[ RUN      ] state_unittest.EvaluateBottomRightTopLeftDiagonalWin
[       OK ] state_unittest.EvaluateBottomRightTopLeftDiagonalWin (0 ms)
[----------] 2 tests from state_unittest (0 ms total)

[----------] Global test environment tear-down
[==========] 2 tests from 1 test suite ran. (0 ms total)
[  PASSED  ] 2 tests.
<end of output>
Test time =   0.27 sec
----------------------------------------------------------
Test Passed.
"MCTS_TESTS" end time: May 23 01:54 AEST
"MCTS_TESTS" time elapsed: 00:00:00
----------------------------------------------------------

End testing: May 23 01:54 AEST
